CRITICAL - 2021-05-24 03:18:02 --> Call to undefined method CodeIgniter\View\View::randerSection()
#0 C:\xampp\htdocs\penyusutan-aset\vendor\codeigniter4\framework\system\View\View.php(220): include()
#1 C:\xampp\htdocs\penyusutan-aset\vendor\codeigniter4\framework\system\View\View.php(222): CodeIgniter\View\View->CodeIgniter\View\{closure}()
#2 C:\xampp\htdocs\penyusutan-aset\vendor\codeigniter4\framework\system\View\View.php(236): CodeIgniter\View\View->render('templates/templ...', Array, true)
#3 C:\xampp\htdocs\penyusutan-aset\vendor\codeigniter4\framework\system\Common.php(1217): CodeIgniter\View\View->render('welcome_message', Array, true)
#4 C:\xampp\htdocs\penyusutan-aset\app\Controllers\Home.php(9): view('welcome_message')
#5 C:\xampp\htdocs\penyusutan-aset\vendor\codeigniter4\framework\system\CodeIgniter.php(936): App\Controllers\Home->index()
#6 C:\xampp\htdocs\penyusutan-aset\vendor\codeigniter4\framework\system\CodeIgniter.php(432): CodeIgniter\CodeIgniter->runController(Object(App\Controllers\Home))
#7 C:\xampp\htdocs\penyusutan-aset\vendor\codeigniter4\framework\system\CodeIgniter.php(333): CodeIgniter\CodeIgniter->handleRequest(NULL, Object(Config\Cache), false)
#8 C:\xampp\htdocs\penyusutan-aset\public\index.php(44): CodeIgniter\CodeIgniter->run()
#9 C:\xampp\htdocs\penyusutan-aset\vendor\codeigniter4\framework\system\Commands\Server\rewrite.php(45): require_once('C:\\xampp\\htdocs...')
#10 {main}
CRITICAL - 2021-05-24 03:28:12 --> Invalid file: aset/index.php
#0 C:\xampp\htdocs\penyusutan-aset\vendor\codeigniter4\framework\system\View\View.php(203): CodeIgniter\Exceptions\FrameworkException::forInvalidFile('aset/index.php')
#1 C:\xampp\htdocs\penyusutan-aset\vendor\codeigniter4\framework\system\Common.php(1217): CodeIgniter\View\View->render('aset/index', Array, true)
#2 C:\xampp\htdocs\penyusutan-aset\app\Controllers\Aset.php(9): view('aset/index')
#3 C:\xampp\htdocs\penyusutan-aset\vendor\codeigniter4\framework\system\CodeIgniter.php(936): App\Controllers\Aset->index()
#4 C:\xampp\htdocs\penyusutan-aset\vendor\codeigniter4\framework\system\CodeIgniter.php(432): CodeIgniter\CodeIgniter->runController(Object(App\Controllers\Aset))
#5 C:\xampp\htdocs\penyusutan-aset\vendor\codeigniter4\framework\system\CodeIgniter.php(333): CodeIgniter\CodeIgniter->handleRequest(NULL, Object(Config\Cache), false)
#6 C:\xampp\htdocs\penyusutan-aset\public\index.php(44): CodeIgniter\CodeIgniter->run()
#7 C:\xampp\htdocs\penyusutan-aset\vendor\codeigniter4\framework\system\Commands\Server\rewrite.php(45): require_once('C:\\xampp\\htdocs...')
#8 {main}
CRITICAL - 2021-05-24 09:22:07 --> syntax error, unexpected '->' (T_OBJECT_OPERATOR)
#0 C:\xampp\htdocs\aset-penyusutan\vendor\codeigniter4\framework\system\Autoloader\Autoloader.php(265): CodeIgniter\Autoloader\Autoloader->includeFile('C:\\xampp\\htdocs...')
#1 C:\xampp\htdocs\aset-penyusutan\vendor\codeigniter4\framework\system\Autoloader\Autoloader.php(228): CodeIgniter\Autoloader\Autoloader->loadInNamespace('App\\Controllers...')
#2 [internal function]: CodeIgniter\Autoloader\Autoloader->loadClass('App\\Controllers...')
#3 [internal function]: spl_autoload_call('App\\Controllers...')
#4 C:\xampp\htdocs\aset-penyusutan\vendor\codeigniter4\framework\system\CodeIgniter.php(893): class_exists('\\App\\Controller...', true)
#5 C:\xampp\htdocs\aset-penyusutan\vendor\codeigniter4\framework\system\CodeIgniter.php(417): CodeIgniter\CodeIgniter->startController()
#6 C:\xampp\htdocs\aset-penyusutan\vendor\codeigniter4\framework\system\CodeIgniter.php(333): CodeIgniter\CodeIgniter->handleRequest(NULL, Object(Config\Cache), false)
#7 C:\xampp\htdocs\aset-penyusutan\public\index.php(44): CodeIgniter\CodeIgniter->run()
#8 C:\xampp\htdocs\aset-penyusutan\vendor\codeigniter4\framework\system\Commands\Server\rewrite.php(45): require_once('C:\\xampp\\htdocs...')
#9 {main}
CRITICAL - 2021-05-24 09:22:22 --> syntax error, unexpected '->' (T_OBJECT_OPERATOR)
#0 C:\xampp\htdocs\aset-penyusutan\vendor\codeigniter4\framework\system\Autoloader\Autoloader.php(265): CodeIgniter\Autoloader\Autoloader->includeFile('C:\\xampp\\htdocs...')
#1 C:\xampp\htdocs\aset-penyusutan\vendor\codeigniter4\framework\system\Autoloader\Autoloader.php(228): CodeIgniter\Autoloader\Autoloader->loadInNamespace('App\\Controllers...')
#2 [internal function]: CodeIgniter\Autoloader\Autoloader->loadClass('App\\Controllers...')
#3 [internal function]: spl_autoload_call('App\\Controllers...')
#4 C:\xampp\htdocs\aset-penyusutan\vendor\codeigniter4\framework\system\CodeIgniter.php(893): class_exists('\\App\\Controller...', true)
#5 C:\xampp\htdocs\aset-penyusutan\vendor\codeigniter4\framework\system\CodeIgniter.php(417): CodeIgniter\CodeIgniter->startController()
#6 C:\xampp\htdocs\aset-penyusutan\vendor\codeigniter4\framework\system\CodeIgniter.php(333): CodeIgniter\CodeIgniter->handleRequest(NULL, Object(Config\Cache), false)
#7 C:\xampp\htdocs\aset-penyusutan\public\index.php(44): CodeIgniter\CodeIgniter->run()
#8 C:\xampp\htdocs\aset-penyusutan\vendor\codeigniter4\framework\system\Commands\Server\rewrite.php(45): require_once('C:\\xampp\\htdocs...')
#9 {main}
CRITICAL - 2021-05-24 09:22:40 --> syntax error, unexpected 'if' (T_IF)
#0 C:\xampp\htdocs\aset-penyusutan\vendor\codeigniter4\framework\system\Autoloader\Autoloader.php(265): CodeIgniter\Autoloader\Autoloader->includeFile('C:\\xampp\\htdocs...')
#1 C:\xampp\htdocs\aset-penyusutan\vendor\codeigniter4\framework\system\Autoloader\Autoloader.php(228): CodeIgniter\Autoloader\Autoloader->loadInNamespace('App\\Controllers...')
#2 [internal function]: CodeIgniter\Autoloader\Autoloader->loadClass('App\\Controllers...')
#3 [internal function]: spl_autoload_call('App\\Controllers...')
#4 C:\xampp\htdocs\aset-penyusutan\vendor\codeigniter4\framework\system\CodeIgniter.php(893): class_exists('\\App\\Controller...', true)
#5 C:\xampp\htdocs\aset-penyusutan\vendor\codeigniter4\framework\system\CodeIgniter.php(417): CodeIgniter\CodeIgniter->startController()
#6 C:\xampp\htdocs\aset-penyusutan\vendor\codeigniter4\framework\system\CodeIgniter.php(333): CodeIgniter\CodeIgniter->handleRequest(NULL, Object(Config\Cache), false)
#7 C:\xampp\htdocs\aset-penyusutan\public\index.php(44): CodeIgniter\CodeIgniter->run()
#8 C:\xampp\htdocs\aset-penyusutan\vendor\codeigniter4\framework\system\Commands\Server\rewrite.php(45): require_once('C:\\xampp\\htdocs...')
#9 {main}
CRITICAL - 2021-05-24 09:22:47 --> syntax error, unexpected 'Codeigniter' (T_STRING)
#0 C:\xampp\htdocs\aset-penyusutan\vendor\codeigniter4\framework\system\Autoloader\Autoloader.php(265): CodeIgniter\Autoloader\Autoloader->includeFile('C:\\xampp\\htdocs...')
#1 C:\xampp\htdocs\aset-penyusutan\vendor\codeigniter4\framework\system\Autoloader\Autoloader.php(228): CodeIgniter\Autoloader\Autoloader->loadInNamespace('App\\Models\\Logi...')
#2 [internal function]: CodeIgniter\Autoloader\Autoloader->loadClass('App\\Models\\Logi...')
#3 C:\xampp\htdocs\aset-penyusutan\app\Controllers\Login.php(12): spl_autoload_call('App\\Models\\Logi...')
#4 C:\xampp\htdocs\aset-penyusutan\vendor\codeigniter4\framework\system\CodeIgniter.php(908): App\Controllers\Login->__construct()
#5 C:\xampp\htdocs\aset-penyusutan\vendor\codeigniter4\framework\system\CodeIgniter.php(422): CodeIgniter\CodeIgniter->createController()
#6 C:\xampp\htdocs\aset-penyusutan\vendor\codeigniter4\framework\system\CodeIgniter.php(333): CodeIgniter\CodeIgniter->handleRequest(NULL, Object(Config\Cache), false)
#7 C:\xampp\htdocs\aset-penyusutan\public\index.php(44): CodeIgniter\CodeIgniter->run()
#8 C:\xampp\htdocs\aset-penyusutan\vendor\codeigniter4\framework\system\Commands\Server\rewrite.php(45): require_once('C:\\xampp\\htdocs...')
#9 {main}
CRITICAL - 2021-05-24 09:23:05 --> Class 'Codeigniter\Model' not found
#0 C:\xampp\htdocs\aset-penyusutan\vendor\codeigniter4\framework\system\Autoloader\Autoloader.php(294): include_once()
#1 C:\xampp\htdocs\aset-penyusutan\vendor\codeigniter4\framework\system\Autoloader\Autoloader.php(265): CodeIgniter\Autoloader\Autoloader->includeFile('C:\\xampp\\htdocs...')
#2 C:\xampp\htdocs\aset-penyusutan\vendor\codeigniter4\framework\system\Autoloader\Autoloader.php(228): CodeIgniter\Autoloader\Autoloader->loadInNamespace('App\\Models\\Logi...')
#3 [internal function]: CodeIgniter\Autoloader\Autoloader->loadClass('App\\Models\\Logi...')
#4 C:\xampp\htdocs\aset-penyusutan\app\Controllers\Login.php(12): spl_autoload_call('App\\Models\\Logi...')
#5 C:\xampp\htdocs\aset-penyusutan\vendor\codeigniter4\framework\system\CodeIgniter.php(908): App\Controllers\Login->__construct()
#6 C:\xampp\htdocs\aset-penyusutan\vendor\codeigniter4\framework\system\CodeIgniter.php(422): CodeIgniter\CodeIgniter->createController()
#7 C:\xampp\htdocs\aset-penyusutan\vendor\codeigniter4\framework\system\CodeIgniter.php(333): CodeIgniter\CodeIgniter->handleRequest(NULL, Object(Config\Cache), false)
#8 C:\xampp\htdocs\aset-penyusutan\public\index.php(44): CodeIgniter\CodeIgniter->run()
#9 C:\xampp\htdocs\aset-penyusutan\vendor\codeigniter4\framework\system\Commands\Server\rewrite.php(45): require_once('C:\\xampp\\htdocs...')
#10 {main}
ERROR - 2021-05-24 09:23:34 --> mysqli_sql_exception: No database selected in C:\xampp\htdocs\aset-penyusutan\vendor\codeigniter4\framework\system\Database\MySQLi\Connection.php:314
Stack trace:
#0 C:\xampp\htdocs\aset-penyusutan\vendor\codeigniter4\framework\system\Database\MySQLi\Connection.php(314): mysqli->query('SELECT *\nFROM `...')
#1 C:\xampp\htdocs\aset-penyusutan\vendor\codeigniter4\framework\system\Database\BaseConnection.php(713): CodeIgniter\Database\MySQLi\Connection->execute('SELECT *\nFROM `...')
#2 C:\xampp\htdocs\aset-penyusutan\vendor\codeigniter4\framework\system\Database\BaseConnection.php(641): CodeIgniter\Database\BaseConnection->simpleQuery('SELECT *\nFROM `...')
#3 C:\xampp\htdocs\aset-penyusutan\vendor\codeigniter4\framework\system\Database\BaseBuilder.php(1866): CodeIgniter\Database\BaseConnection->query('SELECT *\nFROM `...', Array, false)
#4 C:\xampp\htdocs\aset-penyusutan\vendor\codeigniter4\framework\system\Model.php(247): CodeIgniter\Database\BaseBuilder->get()
#5 C:\xampp\htdocs\aset-penyusutan\vendor\codeigniter4\framework\system\BaseModel.php(624): CodeIgniter\Model->doFirst()
#6 C:\xampp\htdocs\aset-penyusutan\app\Models\LoginModel.php(13): CodeIgniter\BaseModel->first()
#7 C:\xampp\htdocs\aset-penyusutan\app\Controllers\Login.php(49): App\Models\LoginModel->getLogin(NULL, NULL)
#8 C:\xampp\htdocs\aset-penyusutan\app\Controllers\Login.php(34): App\Controllers\Login->_login()
#9 C:\xampp\htdocs\aset-penyusutan\vendor\codeigniter4\framework\system\CodeIgniter.php(936): App\Controllers\Login->index()
#10 C:\xampp\htdocs\aset-penyusutan\vendor\codeigniter4\framework\system\CodeIgniter.php(432): CodeIgniter\CodeIgniter->runController(Object(App\Controllers\Login))
#11 C:\xampp\htdocs\aset-penyusutan\vendor\codeigniter4\framework\system\CodeIgniter.php(333): CodeIgniter\CodeIgniter->handleRequest(NULL, Object(Config\Cache), false)
#12 C:\xampp\htdocs\aset-penyusutan\public\index.php(44): CodeIgniter\CodeIgniter->run()
#13 C:\xampp\htdocs\aset-penyusutan\vendor\codeigniter4\framework\system\Commands\Server\rewrite.php(45): require_once('C:\\xampp\\htdocs...')
#14 {main}
CRITICAL - 2021-05-24 09:23:34 --> No database selected
#0 C:\xampp\htdocs\aset-penyusutan\vendor\codeigniter4\framework\system\Database\MySQLi\Connection.php(314): mysqli->query('SELECT *\nFROM `...')
#1 C:\xampp\htdocs\aset-penyusutan\vendor\codeigniter4\framework\system\Database\BaseConnection.php(713): CodeIgniter\Database\MySQLi\Connection->execute('SELECT *\nFROM `...')
#2 C:\xampp\htdocs\aset-penyusutan\vendor\codeigniter4\framework\system\Database\BaseConnection.php(641): CodeIgniter\Database\BaseConnection->simpleQuery('SELECT *\nFROM `...')
#3 C:\xampp\htdocs\aset-penyusutan\vendor\codeigniter4\framework\system\Database\BaseBuilder.php(1866): CodeIgniter\Database\BaseConnection->query('SELECT *\nFROM `...', Array, false)
#4 C:\xampp\htdocs\aset-penyusutan\vendor\codeigniter4\framework\system\Model.php(247): CodeIgniter\Database\BaseBuilder->get()
#5 C:\xampp\htdocs\aset-penyusutan\vendor\codeigniter4\framework\system\BaseModel.php(624): CodeIgniter\Model->doFirst()
#6 C:\xampp\htdocs\aset-penyusutan\app\Models\LoginModel.php(13): CodeIgniter\BaseModel->first()
#7 C:\xampp\htdocs\aset-penyusutan\app\Controllers\Login.php(49): App\Models\LoginModel->getLogin(NULL, NULL)
#8 C:\xampp\htdocs\aset-penyusutan\app\Controllers\Login.php(34): App\Controllers\Login->_login()
#9 C:\xampp\htdocs\aset-penyusutan\vendor\codeigniter4\framework\system\CodeIgniter.php(936): App\Controllers\Login->index()
#10 C:\xampp\htdocs\aset-penyusutan\vendor\codeigniter4\framework\system\CodeIgniter.php(432): CodeIgniter\CodeIgniter->runController(Object(App\Controllers\Login))
#11 C:\xampp\htdocs\aset-penyusutan\vendor\codeigniter4\framework\system\CodeIgniter.php(333): CodeIgniter\CodeIgniter->handleRequest(NULL, Object(Config\Cache), false)
#12 C:\xampp\htdocs\aset-penyusutan\public\index.php(44): CodeIgniter\CodeIgniter->run()
#13 C:\xampp\htdocs\aset-penyusutan\vendor\codeigniter4\framework\system\Commands\Server\rewrite.php(45): require_once('C:\\xampp\\htdocs...')
#14 {main}
ERROR - 2021-05-24 09:25:14 --> mysqli_sql_exception: No database selected in C:\xampp\htdocs\aset-penyusutan\vendor\codeigniter4\framework\system\Database\MySQLi\Connection.php:314
Stack trace:
#0 C:\xampp\htdocs\aset-penyusutan\vendor\codeigniter4\framework\system\Database\MySQLi\Connection.php(314): mysqli->query('SELECT *\nFROM `...')
#1 C:\xampp\htdocs\aset-penyusutan\vendor\codeigniter4\framework\system\Database\BaseConnection.php(713): CodeIgniter\Database\MySQLi\Connection->execute('SELECT *\nFROM `...')
#2 C:\xampp\htdocs\aset-penyusutan\vendor\codeigniter4\framework\system\Database\BaseConnection.php(641): CodeIgniter\Database\BaseConnection->simpleQuery('SELECT *\nFROM `...')
#3 C:\xampp\htdocs\aset-penyusutan\vendor\codeigniter4\framework\system\Database\BaseBuilder.php(1866): CodeIgniter\Database\BaseConnection->query('SELECT *\nFROM `...', Array, false)
#4 C:\xampp\htdocs\aset-penyusutan\vendor\codeigniter4\framework\system\Model.php(247): CodeIgniter\Database\BaseBuilder->get()
#5 C:\xampp\htdocs\aset-penyusutan\vendor\codeigniter4\framework\system\BaseModel.php(624): CodeIgniter\Model->doFirst()
#6 C:\xampp\htdocs\aset-penyusutan\app\Models\LoginModel.php(13): CodeIgniter\BaseModel->first()
#7 C:\xampp\htdocs\aset-penyusutan\app\Controllers\Login.php(49): App\Models\LoginModel->getLogin(NULL, NULL)
#8 C:\xampp\htdocs\aset-penyusutan\app\Controllers\Login.php(34): App\Controllers\Login->_login()
#9 C:\xampp\htdocs\aset-penyusutan\vendor\codeigniter4\framework\system\CodeIgniter.php(936): App\Controllers\Login->index()
#10 C:\xampp\htdocs\aset-penyusutan\vendor\codeigniter4\framework\system\CodeIgniter.php(432): CodeIgniter\CodeIgniter->runController(Object(App\Controllers\Login))
#11 C:\xampp\htdocs\aset-penyusutan\vendor\codeigniter4\framework\system\CodeIgniter.php(333): CodeIgniter\CodeIgniter->handleRequest(NULL, Object(Config\Cache), false)
#12 C:\xampp\htdocs\aset-penyusutan\public\index.php(44): CodeIgniter\CodeIgniter->run()
#13 C:\xampp\htdocs\aset-penyusutan\vendor\codeigniter4\framework\system\Commands\Server\rewrite.php(45): require_once('C:\\xampp\\htdocs...')
#14 {main}
CRITICAL - 2021-05-24 09:25:14 --> No database selected
#0 C:\xampp\htdocs\aset-penyusutan\vendor\codeigniter4\framework\system\Database\MySQLi\Connection.php(314): mysqli->query('SELECT *\nFROM `...')
#1 C:\xampp\htdocs\aset-penyusutan\vendor\codeigniter4\framework\system\Database\BaseConnection.php(713): CodeIgniter\Database\MySQLi\Connection->execute('SELECT *\nFROM `...')
#2 C:\xampp\htdocs\aset-penyusutan\vendor\codeigniter4\framework\system\Database\BaseConnection.php(641): CodeIgniter\Database\BaseConnection->simpleQuery('SELECT *\nFROM `...')
#3 C:\xampp\htdocs\aset-penyusutan\vendor\codeigniter4\framework\system\Database\BaseBuilder.php(1866): CodeIgniter\Database\BaseConnection->query('SELECT *\nFROM `...', Array, false)
#4 C:\xampp\htdocs\aset-penyusutan\vendor\codeigniter4\framework\system\Model.php(247): CodeIgniter\Database\BaseBuilder->get()
#5 C:\xampp\htdocs\aset-penyusutan\vendor\codeigniter4\framework\system\BaseModel.php(624): CodeIgniter\Model->doFirst()
#6 C:\xampp\htdocs\aset-penyusutan\app\Models\LoginModel.php(13): CodeIgniter\BaseModel->first()
#7 C:\xampp\htdocs\aset-penyusutan\app\Controllers\Login.php(49): App\Models\LoginModel->getLogin(NULL, NULL)
#8 C:\xampp\htdocs\aset-penyusutan\app\Controllers\Login.php(34): App\Controllers\Login->_login()
#9 C:\xampp\htdocs\aset-penyusutan\vendor\codeigniter4\framework\system\CodeIgniter.php(936): App\Controllers\Login->index()
#10 C:\xampp\htdocs\aset-penyusutan\vendor\codeigniter4\framework\system\CodeIgniter.php(432): CodeIgniter\CodeIgniter->runController(Object(App\Controllers\Login))
#11 C:\xampp\htdocs\aset-penyusutan\vendor\codeigniter4\framework\system\CodeIgniter.php(333): CodeIgniter\CodeIgniter->handleRequest(NULL, Object(Config\Cache), false)
#12 C:\xampp\htdocs\aset-penyusutan\public\index.php(44): CodeIgniter\CodeIgniter->run()
#13 C:\xampp\htdocs\aset-penyusutan\vendor\codeigniter4\framework\system\Commands\Server\rewrite.php(45): require_once('C:\\xampp\\htdocs...')
#14 {main}
ERROR - 2021-05-24 09:25:44 --> mysqli_sql_exception: No database selected in C:\xampp\htdocs\aset-penyusutan\vendor\codeigniter4\framework\system\Database\MySQLi\Connection.php:314
Stack trace:
#0 C:\xampp\htdocs\aset-penyusutan\vendor\codeigniter4\framework\system\Database\MySQLi\Connection.php(314): mysqli->query('SELECT *\nFROM `...')
#1 C:\xampp\htdocs\aset-penyusutan\vendor\codeigniter4\framework\system\Database\BaseConnection.php(713): CodeIgniter\Database\MySQLi\Connection->execute('SELECT *\nFROM `...')
#2 C:\xampp\htdocs\aset-penyusutan\vendor\codeigniter4\framework\system\Database\BaseConnection.php(641): CodeIgniter\Database\BaseConnection->simpleQuery('SELECT *\nFROM `...')
#3 C:\xampp\htdocs\aset-penyusutan\vendor\codeigniter4\framework\system\Database\BaseBuilder.php(1866): CodeIgniter\Database\BaseConnection->query('SELECT *\nFROM `...', Array, false)
#4 C:\xampp\htdocs\aset-penyusutan\vendor\codeigniter4\framework\system\Model.php(247): CodeIgniter\Database\BaseBuilder->get()
#5 C:\xampp\htdocs\aset-penyusutan\vendor\codeigniter4\framework\system\BaseModel.php(624): CodeIgniter\Model->doFirst()
#6 C:\xampp\htdocs\aset-penyusutan\app\Models\LoginModel.php(13): CodeIgniter\BaseModel->first()
#7 C:\xampp\htdocs\aset-penyusutan\app\Controllers\Login.php(49): App\Models\LoginModel->getLogin(NULL, NULL)
#8 C:\xampp\htdocs\aset-penyusutan\app\Controllers\Login.php(34): App\Controllers\Login->_login()
#9 C:\xampp\htdocs\aset-penyusutan\vendor\codeigniter4\framework\system\CodeIgniter.php(936): App\Controllers\Login->index()
#10 C:\xampp\htdocs\aset-penyusutan\vendor\codeigniter4\framework\system\CodeIgniter.php(432): CodeIgniter\CodeIgniter->runController(Object(App\Controllers\Login))
#11 C:\xampp\htdocs\aset-penyusutan\vendor\codeigniter4\framework\system\CodeIgniter.php(333): CodeIgniter\CodeIgniter->handleRequest(NULL, Object(Config\Cache), false)
#12 C:\xampp\htdocs\aset-penyusutan\public\index.php(44): CodeIgniter\CodeIgniter->run()
#13 C:\xampp\htdocs\aset-penyusutan\vendor\codeigniter4\framework\system\Commands\Server\rewrite.php(45): require_once('C:\\xampp\\htdocs...')
#14 {main}
CRITICAL - 2021-05-24 09:25:44 --> No database selected
#0 C:\xampp\htdocs\aset-penyusutan\vendor\codeigniter4\framework\system\Database\MySQLi\Connection.php(314): mysqli->query('SELECT *\nFROM `...')
#1 C:\xampp\htdocs\aset-penyusutan\vendor\codeigniter4\framework\system\Database\BaseConnection.php(713): CodeIgniter\Database\MySQLi\Connection->execute('SELECT *\nFROM `...')
#2 C:\xampp\htdocs\aset-penyusutan\vendor\codeigniter4\framework\system\Database\BaseConnection.php(641): CodeIgniter\Database\BaseConnection->simpleQuery('SELECT *\nFROM `...')
#3 C:\xampp\htdocs\aset-penyusutan\vendor\codeigniter4\framework\system\Database\BaseBuilder.php(1866): CodeIgniter\Database\BaseConnection->query('SELECT *\nFROM `...', Array, false)
#4 C:\xampp\htdocs\aset-penyusutan\vendor\codeigniter4\framework\system\Model.php(247): CodeIgniter\Database\BaseBuilder->get()
#5 C:\xampp\htdocs\aset-penyusutan\vendor\codeigniter4\framework\system\BaseModel.php(624): CodeIgniter\Model->doFirst()
#6 C:\xampp\htdocs\aset-penyusutan\app\Models\LoginModel.php(13): CodeIgniter\BaseModel->first()
#7 C:\xampp\htdocs\aset-penyusutan\app\Controllers\Login.php(49): App\Models\LoginModel->getLogin(NULL, NULL)
#8 C:\xampp\htdocs\aset-penyusutan\app\Controllers\Login.php(34): App\Controllers\Login->_login()
#9 C:\xampp\htdocs\aset-penyusutan\vendor\codeigniter4\framework\system\CodeIgniter.php(936): App\Controllers\Login->index()
#10 C:\xampp\htdocs\aset-penyusutan\vendor\codeigniter4\framework\system\CodeIgniter.php(432): CodeIgniter\CodeIgniter->runController(Object(App\Controllers\Login))
#11 C:\xampp\htdocs\aset-penyusutan\vendor\codeigniter4\framework\system\CodeIgniter.php(333): CodeIgniter\CodeIgniter->handleRequest(NULL, Object(Config\Cache), false)
#12 C:\xampp\htdocs\aset-penyusutan\public\index.php(44): CodeIgniter\CodeIgniter->run()
#13 C:\xampp\htdocs\aset-penyusutan\vendor\codeigniter4\framework\system\Commands\Server\rewrite.php(45): require_once('C:\\xampp\\htdocs...')
#14 {main}
ERROR - 2021-05-24 09:25:52 --> mysqli_sql_exception: No database selected in C:\xampp\htdocs\aset-penyusutan\vendor\codeigniter4\framework\system\Database\MySQLi\Connection.php:314
Stack trace:
#0 C:\xampp\htdocs\aset-penyusutan\vendor\codeigniter4\framework\system\Database\MySQLi\Connection.php(314): mysqli->query('SELECT *\nFROM `...')
#1 C:\xampp\htdocs\aset-penyusutan\vendor\codeigniter4\framework\system\Database\BaseConnection.php(713): CodeIgniter\Database\MySQLi\Connection->execute('SELECT *\nFROM `...')
#2 C:\xampp\htdocs\aset-penyusutan\vendor\codeigniter4\framework\system\Database\BaseConnection.php(641): CodeIgniter\Database\BaseConnection->simpleQuery('SELECT *\nFROM `...')
#3 C:\xampp\htdocs\aset-penyusutan\vendor\codeigniter4\framework\system\Database\BaseBuilder.php(1866): CodeIgniter\Database\BaseConnection->query('SELECT *\nFROM `...', Array, false)
#4 C:\xampp\htdocs\aset-penyusutan\vendor\codeigniter4\framework\system\Model.php(247): CodeIgniter\Database\BaseBuilder->get()
#5 C:\xampp\htdocs\aset-penyusutan\vendor\codeigniter4\framework\system\BaseModel.php(624): CodeIgniter\Model->doFirst()
#6 C:\xampp\htdocs\aset-penyusutan\app\Models\LoginModel.php(13): CodeIgniter\BaseModel->first()
#7 C:\xampp\htdocs\aset-penyusutan\app\Controllers\Login.php(49): App\Models\LoginModel->getLogin(NULL, NULL)
#8 C:\xampp\htdocs\aset-penyusutan\app\Controllers\Login.php(34): App\Controllers\Login->_login()
#9 C:\xampp\htdocs\aset-penyusutan\vendor\codeigniter4\framework\system\CodeIgniter.php(936): App\Controllers\Login->index()
#10 C:\xampp\htdocs\aset-penyusutan\vendor\codeigniter4\framework\system\CodeIgniter.php(432): CodeIgniter\CodeIgniter->runController(Object(App\Controllers\Login))
#11 C:\xampp\htdocs\aset-penyusutan\vendor\codeigniter4\framework\system\CodeIgniter.php(333): CodeIgniter\CodeIgniter->handleRequest(NULL, Object(Config\Cache), false)
#12 C:\xampp\htdocs\aset-penyusutan\public\index.php(44): CodeIgniter\CodeIgniter->run()
#13 C:\xampp\htdocs\aset-penyusutan\vendor\codeigniter4\framework\system\Commands\Server\rewrite.php(45): require_once('C:\\xampp\\htdocs...')
#14 {main}
CRITICAL - 2021-05-24 09:25:52 --> No database selected
#0 C:\xampp\htdocs\aset-penyusutan\vendor\codeigniter4\framework\system\Database\MySQLi\Connection.php(314): mysqli->query('SELECT *\nFROM `...')
#1 C:\xampp\htdocs\aset-penyusutan\vendor\codeigniter4\framework\system\Database\BaseConnection.php(713): CodeIgniter\Database\MySQLi\Connection->execute('SELECT *\nFROM `...')
#2 C:\xampp\htdocs\aset-penyusutan\vendor\codeigniter4\framework\system\Database\BaseConnection.php(641): CodeIgniter\Database\BaseConnection->simpleQuery('SELECT *\nFROM `...')
#3 C:\xampp\htdocs\aset-penyusutan\vendor\codeigniter4\framework\system\Database\BaseBuilder.php(1866): CodeIgniter\Database\BaseConnection->query('SELECT *\nFROM `...', Array, false)
#4 C:\xampp\htdocs\aset-penyusutan\vendor\codeigniter4\framework\system\Model.php(247): CodeIgniter\Database\BaseBuilder->get()
#5 C:\xampp\htdocs\aset-penyusutan\vendor\codeigniter4\framework\system\BaseModel.php(624): CodeIgniter\Model->doFirst()
#6 C:\xampp\htdocs\aset-penyusutan\app\Models\LoginModel.php(13): CodeIgniter\BaseModel->first()
#7 C:\xampp\htdocs\aset-penyusutan\app\Controllers\Login.php(49): App\Models\LoginModel->getLogin(NULL, NULL)
#8 C:\xampp\htdocs\aset-penyusutan\app\Controllers\Login.php(34): App\Controllers\Login->_login()
#9 C:\xampp\htdocs\aset-penyusutan\vendor\codeigniter4\framework\system\CodeIgniter.php(936): App\Controllers\Login->index()
#10 C:\xampp\htdocs\aset-penyusutan\vendor\codeigniter4\framework\system\CodeIgniter.php(432): CodeIgniter\CodeIgniter->runController(Object(App\Controllers\Login))
#11 C:\xampp\htdocs\aset-penyusutan\vendor\codeigniter4\framework\system\CodeIgniter.php(333): CodeIgniter\CodeIgniter->handleRequest(NULL, Object(Config\Cache), false)
#12 C:\xampp\htdocs\aset-penyusutan\public\index.php(44): CodeIgniter\CodeIgniter->run()
#13 C:\xampp\htdocs\aset-penyusutan\vendor\codeigniter4\framework\system\Commands\Server\rewrite.php(45): require_once('C:\\xampp\\htdocs...')
#14 {main}
ERROR - 2021-05-24 09:26:04 --> mysqli_sql_exception: No database selected in C:\xampp\htdocs\aset-penyusutan\vendor\codeigniter4\framework\system\Database\MySQLi\Connection.php:314
Stack trace:
#0 C:\xampp\htdocs\aset-penyusutan\vendor\codeigniter4\framework\system\Database\MySQLi\Connection.php(314): mysqli->query('SELECT *\nFROM `...')
#1 C:\xampp\htdocs\aset-penyusutan\vendor\codeigniter4\framework\system\Database\BaseConnection.php(713): CodeIgniter\Database\MySQLi\Connection->execute('SELECT *\nFROM `...')
#2 C:\xampp\htdocs\aset-penyusutan\vendor\codeigniter4\framework\system\Database\BaseConnection.php(641): CodeIgniter\Database\BaseConnection->simpleQuery('SELECT *\nFROM `...')
#3 C:\xampp\htdocs\aset-penyusutan\vendor\codeigniter4\framework\system\Database\BaseBuilder.php(1866): CodeIgniter\Database\BaseConnection->query('SELECT *\nFROM `...', Array, false)
#4 C:\xampp\htdocs\aset-penyusutan\vendor\codeigniter4\framework\system\Model.php(247): CodeIgniter\Database\BaseBuilder->get()
#5 C:\xampp\htdocs\aset-penyusutan\vendor\codeigniter4\framework\system\BaseModel.php(624): CodeIgniter\Model->doFirst()
#6 C:\xampp\htdocs\aset-penyusutan\app\Models\LoginModel.php(13): CodeIgniter\BaseModel->first()
#7 C:\xampp\htdocs\aset-penyusutan\app\Controllers\Login.php(49): App\Models\LoginModel->getLogin(NULL, NULL)
#8 C:\xampp\htdocs\aset-penyusutan\app\Controllers\Login.php(34): App\Controllers\Login->_login()
#9 C:\xampp\htdocs\aset-penyusutan\vendor\codeigniter4\framework\system\CodeIgniter.php(936): App\Controllers\Login->index()
#10 C:\xampp\htdocs\aset-penyusutan\vendor\codeigniter4\framework\system\CodeIgniter.php(432): CodeIgniter\CodeIgniter->runController(Object(App\Controllers\Login))
#11 C:\xampp\htdocs\aset-penyusutan\vendor\codeigniter4\framework\system\CodeIgniter.php(333): CodeIgniter\CodeIgniter->handleRequest(NULL, Object(Config\Cache), false)
#12 C:\xampp\htdocs\aset-penyusutan\public\index.php(44): CodeIgniter\CodeIgniter->run()
#13 C:\xampp\htdocs\aset-penyusutan\vendor\codeigniter4\framework\system\Commands\Server\rewrite.php(45): require_once('C:\\xampp\\htdocs...')
#14 {main}
CRITICAL - 2021-05-24 09:26:04 --> No database selected
#0 C:\xampp\htdocs\aset-penyusutan\vendor\codeigniter4\framework\system\Database\MySQLi\Connection.php(314): mysqli->query('SELECT *\nFROM `...')
#1 C:\xampp\htdocs\aset-penyusutan\vendor\codeigniter4\framework\system\Database\BaseConnection.php(713): CodeIgniter\Database\MySQLi\Connection->execute('SELECT *\nFROM `...')
#2 C:\xampp\htdocs\aset-penyusutan\vendor\codeigniter4\framework\system\Database\BaseConnection.php(641): CodeIgniter\Database\BaseConnection->simpleQuery('SELECT *\nFROM `...')
#3 C:\xampp\htdocs\aset-penyusutan\vendor\codeigniter4\framework\system\Database\BaseBuilder.php(1866): CodeIgniter\Database\BaseConnection->query('SELECT *\nFROM `...', Array, false)
#4 C:\xampp\htdocs\aset-penyusutan\vendor\codeigniter4\framework\system\Model.php(247): CodeIgniter\Database\BaseBuilder->get()
#5 C:\xampp\htdocs\aset-penyusutan\vendor\codeigniter4\framework\system\BaseModel.php(624): CodeIgniter\Model->doFirst()
#6 C:\xampp\htdocs\aset-penyusutan\app\Models\LoginModel.php(13): CodeIgniter\BaseModel->first()
#7 C:\xampp\htdocs\aset-penyusutan\app\Controllers\Login.php(49): App\Models\LoginModel->getLogin(NULL, NULL)
#8 C:\xampp\htdocs\aset-penyusutan\app\Controllers\Login.php(34): App\Controllers\Login->_login()
#9 C:\xampp\htdocs\aset-penyusutan\vendor\codeigniter4\framework\system\CodeIgniter.php(936): App\Controllers\Login->index()
#10 C:\xampp\htdocs\aset-penyusutan\vendor\codeigniter4\framework\system\CodeIgniter.php(432): CodeIgniter\CodeIgniter->runController(Object(App\Controllers\Login))
#11 C:\xampp\htdocs\aset-penyusutan\vendor\codeigniter4\framework\system\CodeIgniter.php(333): CodeIgniter\CodeIgniter->handleRequest(NULL, Object(Config\Cache), false)
#12 C:\xampp\htdocs\aset-penyusutan\public\index.php(44): CodeIgniter\CodeIgniter->run()
#13 C:\xampp\htdocs\aset-penyusutan\vendor\codeigniter4\framework\system\Commands\Server\rewrite.php(45): require_once('C:\\xampp\\htdocs...')
#14 {main}
ERROR - 2021-05-24 09:26:25 --> mysqli_sql_exception: No database selected in C:\xampp\htdocs\aset-penyusutan\vendor\codeigniter4\framework\system\Database\MySQLi\Connection.php:314
Stack trace:
#0 C:\xampp\htdocs\aset-penyusutan\vendor\codeigniter4\framework\system\Database\MySQLi\Connection.php(314): mysqli->query('SELECT *\nFROM `...')
#1 C:\xampp\htdocs\aset-penyusutan\vendor\codeigniter4\framework\system\Database\BaseConnection.php(713): CodeIgniter\Database\MySQLi\Connection->execute('SELECT *\nFROM `...')
#2 C:\xampp\htdocs\aset-penyusutan\vendor\codeigniter4\framework\system\Database\BaseConnection.php(641): CodeIgniter\Database\BaseConnection->simpleQuery('SELECT *\nFROM `...')
#3 C:\xampp\htdocs\aset-penyusutan\vendor\codeigniter4\framework\system\Database\BaseBuilder.php(1866): CodeIgniter\Database\BaseConnection->query('SELECT *\nFROM `...', Array, false)
#4 C:\xampp\htdocs\aset-penyusutan\vendor\codeigniter4\framework\system\Model.php(247): CodeIgniter\Database\BaseBuilder->get()
#5 C:\xampp\htdocs\aset-penyusutan\vendor\codeigniter4\framework\system\BaseModel.php(624): CodeIgniter\Model->doFirst()
#6 C:\xampp\htdocs\aset-penyusutan\app\Models\LoginModel.php(13): CodeIgniter\BaseModel->first()
#7 C:\xampp\htdocs\aset-penyusutan\app\Controllers\Login.php(49): App\Models\LoginModel->getLogin(NULL, NULL)
#8 C:\xampp\htdocs\aset-penyusutan\app\Controllers\Login.php(34): App\Controllers\Login->_login()
#9 C:\xampp\htdocs\aset-penyusutan\vendor\codeigniter4\framework\system\CodeIgniter.php(936): App\Controllers\Login->index()
#10 C:\xampp\htdocs\aset-penyusutan\vendor\codeigniter4\framework\system\CodeIgniter.php(432): CodeIgniter\CodeIgniter->runController(Object(App\Controllers\Login))
#11 C:\xampp\htdocs\aset-penyusutan\vendor\codeigniter4\framework\system\CodeIgniter.php(333): CodeIgniter\CodeIgniter->handleRequest(NULL, Object(Config\Cache), false)
#12 C:\xampp\htdocs\aset-penyusutan\public\index.php(44): CodeIgniter\CodeIgniter->run()
#13 C:\xampp\htdocs\aset-penyusutan\vendor\codeigniter4\framework\system\Commands\Server\rewrite.php(45): require_once('C:\\xampp\\htdocs...')
#14 {main}
CRITICAL - 2021-05-24 09:26:25 --> No database selected
#0 C:\xampp\htdocs\aset-penyusutan\vendor\codeigniter4\framework\system\Database\MySQLi\Connection.php(314): mysqli->query('SELECT *\nFROM `...')
#1 C:\xampp\htdocs\aset-penyusutan\vendor\codeigniter4\framework\system\Database\BaseConnection.php(713): CodeIgniter\Database\MySQLi\Connection->execute('SELECT *\nFROM `...')
#2 C:\xampp\htdocs\aset-penyusutan\vendor\codeigniter4\framework\system\Database\BaseConnection.php(641): CodeIgniter\Database\BaseConnection->simpleQuery('SELECT *\nFROM `...')
#3 C:\xampp\htdocs\aset-penyusutan\vendor\codeigniter4\framework\system\Database\BaseBuilder.php(1866): CodeIgniter\Database\BaseConnection->query('SELECT *\nFROM `...', Array, false)
#4 C:\xampp\htdocs\aset-penyusutan\vendor\codeigniter4\framework\system\Model.php(247): CodeIgniter\Database\BaseBuilder->get()
#5 C:\xampp\htdocs\aset-penyusutan\vendor\codeigniter4\framework\system\BaseModel.php(624): CodeIgniter\Model->doFirst()
#6 C:\xampp\htdocs\aset-penyusutan\app\Models\LoginModel.php(13): CodeIgniter\BaseModel->first()
#7 C:\xampp\htdocs\aset-penyusutan\app\Controllers\Login.php(49): App\Models\LoginModel->getLogin(NULL, NULL)
#8 C:\xampp\htdocs\aset-penyusutan\app\Controllers\Login.php(34): App\Controllers\Login->_login()
#9 C:\xampp\htdocs\aset-penyusutan\vendor\codeigniter4\framework\system\CodeIgniter.php(936): App\Controllers\Login->index()
#10 C:\xampp\htdocs\aset-penyusutan\vendor\codeigniter4\framework\system\CodeIgniter.php(432): CodeIgniter\CodeIgniter->runController(Object(App\Controllers\Login))
#11 C:\xampp\htdocs\aset-penyusutan\vendor\codeigniter4\framework\system\CodeIgniter.php(333): CodeIgniter\CodeIgniter->handleRequest(NULL, Object(Config\Cache), false)
#12 C:\xampp\htdocs\aset-penyusutan\public\index.php(44): CodeIgniter\CodeIgniter->run()
#13 C:\xampp\htdocs\aset-penyusutan\vendor\codeigniter4\framework\system\Commands\Server\rewrite.php(45): require_once('C:\\xampp\\htdocs...')
#14 {main}
CRITICAL - 2021-05-24 09:45:32 --> syntax error, unexpected 'return' (T_RETURN)
#0 C:\xampp\htdocs\aset-penyusutan\vendor\codeigniter4\framework\system\Router\Router.php(170): CodeIgniter\Router\Router->autoRoute('login/index')
#1 C:\xampp\htdocs\aset-penyusutan\vendor\codeigniter4\framework\system\CodeIgniter.php(816): CodeIgniter\Router\Router->handle('login/index')
#2 C:\xampp\htdocs\aset-penyusutan\vendor\codeigniter4\framework\system\CodeIgniter.php(385): CodeIgniter\CodeIgniter->tryToRouteIt(Object(CodeIgniter\Router\RouteCollection))
#3 C:\xampp\htdocs\aset-penyusutan\vendor\codeigniter4\framework\system\CodeIgniter.php(333): CodeIgniter\CodeIgniter->handleRequest(NULL, Object(Config\Cache), false)
#4 C:\xampp\htdocs\aset-penyusutan\public\index.php(44): CodeIgniter\CodeIgniter->run()
#5 C:\xampp\htdocs\aset-penyusutan\vendor\codeigniter4\framework\system\Commands\Server\rewrite.php(45): require_once('C:\\xampp\\htdocs...')
#6 {main}
CRITICAL - 2021-05-24 09:45:35 --> syntax error, unexpected 'return' (T_RETURN)
#0 C:\xampp\htdocs\aset-penyusutan\vendor\codeigniter4\framework\system\Autoloader\Autoloader.php(265): CodeIgniter\Autoloader\Autoloader->includeFile('C:\\xampp\\htdocs...')
#1 C:\xampp\htdocs\aset-penyusutan\vendor\codeigniter4\framework\system\Autoloader\Autoloader.php(228): CodeIgniter\Autoloader\Autoloader->loadInNamespace('App\\Controllers...')
#2 [internal function]: CodeIgniter\Autoloader\Autoloader->loadClass('App\\Controllers...')
#3 [internal function]: spl_autoload_call('App\\Controllers...')
#4 C:\xampp\htdocs\aset-penyusutan\vendor\codeigniter4\framework\system\CodeIgniter.php(893): class_exists('\\App\\Controller...', true)
#5 C:\xampp\htdocs\aset-penyusutan\vendor\codeigniter4\framework\system\CodeIgniter.php(417): CodeIgniter\CodeIgniter->startController()
#6 C:\xampp\htdocs\aset-penyusutan\vendor\codeigniter4\framework\system\CodeIgniter.php(333): CodeIgniter\CodeIgniter->handleRequest(NULL, Object(Config\Cache), false)
#7 C:\xampp\htdocs\aset-penyusutan\public\index.php(44): CodeIgniter\CodeIgniter->run()
#8 C:\xampp\htdocs\aset-penyusutan\vendor\codeigniter4\framework\system\Commands\Server\rewrite.php(45): require_once('C:\\xampp\\htdocs...')
#9 {main}
CRITICAL - 2021-05-24 09:45:41 --> syntax error, unexpected 'return' (T_RETURN)
#0 C:\xampp\htdocs\aset-penyusutan\vendor\codeigniter4\framework\system\Autoloader\Autoloader.php(265): CodeIgniter\Autoloader\Autoloader->includeFile('C:\\xampp\\htdocs...')
#1 C:\xampp\htdocs\aset-penyusutan\vendor\codeigniter4\framework\system\Autoloader\Autoloader.php(228): CodeIgniter\Autoloader\Autoloader->loadInNamespace('App\\Controllers...')
#2 [internal function]: CodeIgniter\Autoloader\Autoloader->loadClass('App\\Controllers...')
#3 [internal function]: spl_autoload_call('App\\Controllers...')
#4 C:\xampp\htdocs\aset-penyusutan\vendor\codeigniter4\framework\system\CodeIgniter.php(893): class_exists('\\App\\Controller...', true)
#5 C:\xampp\htdocs\aset-penyusutan\vendor\codeigniter4\framework\system\CodeIgniter.php(417): CodeIgniter\CodeIgniter->startController()
#6 C:\xampp\htdocs\aset-penyusutan\vendor\codeigniter4\framework\system\CodeIgniter.php(333): CodeIgniter\CodeIgniter->handleRequest(NULL, Object(Config\Cache), false)
#7 C:\xampp\htdocs\aset-penyusutan\public\index.php(44): CodeIgniter\CodeIgniter->run()
#8 C:\xampp\htdocs\aset-penyusutan\vendor\codeigniter4\framework\system\Commands\Server\rewrite.php(45): require_once('C:\\xampp\\htdocs...')
#9 {main}
CRITICAL - 2021-05-24 09:45:52 --> Call to undefined method CodeIgniter\Session\Session::setUserdata()
#0 C:\xampp\htdocs\aset-penyusutan\app\Controllers\Login.php(37): App\Controllers\Login->_login()
#1 C:\xampp\htdocs\aset-penyusutan\vendor\codeigniter4\framework\system\CodeIgniter.php(936): App\Controllers\Login->index()
#2 C:\xampp\htdocs\aset-penyusutan\vendor\codeigniter4\framework\system\CodeIgniter.php(432): CodeIgniter\CodeIgniter->runController(Object(App\Controllers\Login))
#3 C:\xampp\htdocs\aset-penyusutan\vendor\codeigniter4\framework\system\CodeIgniter.php(333): CodeIgniter\CodeIgniter->handleRequest(NULL, Object(Config\Cache), false)
#4 C:\xampp\htdocs\aset-penyusutan\public\index.php(44): CodeIgniter\CodeIgniter->run()
#5 C:\xampp\htdocs\aset-penyusutan\vendor\codeigniter4\framework\system\Commands\Server\rewrite.php(45): require_once('C:\\xampp\\htdocs...')
#6 {main}
CRITICAL - 2021-05-24 09:46:15 --> Call to undefined method CodeIgniter\Session\Session::setUserdata()
#0 C:\xampp\htdocs\aset-penyusutan\app\Controllers\Login.php(37): App\Controllers\Login->_login()
#1 C:\xampp\htdocs\aset-penyusutan\vendor\codeigniter4\framework\system\CodeIgniter.php(936): App\Controllers\Login->index()
#2 C:\xampp\htdocs\aset-penyusutan\vendor\codeigniter4\framework\system\CodeIgniter.php(432): CodeIgniter\CodeIgniter->runController(Object(App\Controllers\Login))
#3 C:\xampp\htdocs\aset-penyusutan\vendor\codeigniter4\framework\system\CodeIgniter.php(333): CodeIgniter\CodeIgniter->handleRequest(NULL, Object(Config\Cache), false)
#4 C:\xampp\htdocs\aset-penyusutan\public\index.php(44): CodeIgniter\CodeIgniter->run()
#5 C:\xampp\htdocs\aset-penyusutan\vendor\codeigniter4\framework\system\Commands\Server\rewrite.php(45): require_once('C:\\xampp\\htdocs...')
#6 {main}
CRITICAL - 2021-05-24 09:50:00 --> Call to undefined method CodeIgniter\Session\Session::setUserdata()
#0 C:\xampp\htdocs\aset-penyusutan\app\Controllers\Login.php(37): App\Controllers\Login->_login()
#1 C:\xampp\htdocs\aset-penyusutan\vendor\codeigniter4\framework\system\CodeIgniter.php(936): App\Controllers\Login->index()
#2 C:\xampp\htdocs\aset-penyusutan\vendor\codeigniter4\framework\system\CodeIgniter.php(432): CodeIgniter\CodeIgniter->runController(Object(App\Controllers\Login))
#3 C:\xampp\htdocs\aset-penyusutan\vendor\codeigniter4\framework\system\CodeIgniter.php(333): CodeIgniter\CodeIgniter->handleRequest(NULL, Object(Config\Cache), false)
#4 C:\xampp\htdocs\aset-penyusutan\public\index.php(44): CodeIgniter\CodeIgniter->run()
#5 C:\xampp\htdocs\aset-penyusutan\vendor\codeigniter4\framework\system\Commands\Server\rewrite.php(45): require_once('C:\\xampp\\htdocs...')
#6 {main}
CRITICAL - 2021-05-24 09:50:46 --> Invalid file: login.php
#0 C:\xampp\htdocs\aset-penyusutan\vendor\codeigniter4\framework\system\View\View.php(203): CodeIgniter\Exceptions\FrameworkException::forInvalidFile('login.php')
#1 C:\xampp\htdocs\aset-penyusutan\vendor\codeigniter4\framework\system\Common.php(1217): CodeIgniter\View\View->render('login', Array, true)
#2 C:\xampp\htdocs\aset-penyusutan\app\Controllers\Login.php(34): view('login')
#3 C:\xampp\htdocs\aset-penyusutan\vendor\codeigniter4\framework\system\CodeIgniter.php(936): App\Controllers\Login->index()
#4 C:\xampp\htdocs\aset-penyusutan\vendor\codeigniter4\framework\system\CodeIgniter.php(432): CodeIgniter\CodeIgniter->runController(Object(App\Controllers\Login))
#5 C:\xampp\htdocs\aset-penyusutan\vendor\codeigniter4\framework\system\CodeIgniter.php(333): CodeIgniter\CodeIgniter->handleRequest(NULL, Object(Config\Cache), false)
#6 C:\xampp\htdocs\aset-penyusutan\public\index.php(44): CodeIgniter\CodeIgniter->run()
#7 C:\xampp\htdocs\aset-penyusutan\vendor\codeigniter4\framework\system\Commands\Server\rewrite.php(45): require_once('C:\\xampp\\htdocs...')
#8 {main}
CRITICAL - 2021-05-24 09:50:48 --> Invalid file: login.php
#0 C:\xampp\htdocs\aset-penyusutan\vendor\codeigniter4\framework\system\View\View.php(203): CodeIgniter\Exceptions\FrameworkException::forInvalidFile('login.php')
#1 C:\xampp\htdocs\aset-penyusutan\vendor\codeigniter4\framework\system\Common.php(1217): CodeIgniter\View\View->render('login', Array, true)
#2 C:\xampp\htdocs\aset-penyusutan\app\Controllers\Login.php(34): view('login')
#3 C:\xampp\htdocs\aset-penyusutan\vendor\codeigniter4\framework\system\CodeIgniter.php(936): App\Controllers\Login->index()
#4 C:\xampp\htdocs\aset-penyusutan\vendor\codeigniter4\framework\system\CodeIgniter.php(432): CodeIgniter\CodeIgniter->runController(Object(App\Controllers\Login))
#5 C:\xampp\htdocs\aset-penyusutan\vendor\codeigniter4\framework\system\CodeIgniter.php(333): CodeIgniter\CodeIgniter->handleRequest(NULL, Object(Config\Cache), false)
#6 C:\xampp\htdocs\aset-penyusutan\public\index.php(44): CodeIgniter\CodeIgniter->run()
#7 C:\xampp\htdocs\aset-penyusutan\vendor\codeigniter4\framework\system\Commands\Server\rewrite.php(45): require_once('C:\\xampp\\htdocs...')
#8 {main}
CRITICAL - 2021-05-24 09:54:50 --> syntax error, unexpected 'pesan' (T_STRING), expecting ')'
#0 C:\xampp\htdocs\aset-penyusutan\vendor\codeigniter4\framework\system\Router\Router.php(170): CodeIgniter\Router\Router->autoRoute('login/index')
#1 C:\xampp\htdocs\aset-penyusutan\vendor\codeigniter4\framework\system\CodeIgniter.php(816): CodeIgniter\Router\Router->handle('login/index')
#2 C:\xampp\htdocs\aset-penyusutan\vendor\codeigniter4\framework\system\CodeIgniter.php(385): CodeIgniter\CodeIgniter->tryToRouteIt(Object(CodeIgniter\Router\RouteCollection))
#3 C:\xampp\htdocs\aset-penyusutan\vendor\codeigniter4\framework\system\CodeIgniter.php(333): CodeIgniter\CodeIgniter->handleRequest(NULL, Object(Config\Cache), false)
#4 C:\xampp\htdocs\aset-penyusutan\public\index.php(44): CodeIgniter\CodeIgniter->run()
#5 C:\xampp\htdocs\aset-penyusutan\vendor\codeigniter4\framework\system\Commands\Server\rewrite.php(45): require_once('C:\\xampp\\htdocs...')
#6 {main}
